33:C 12 Oct 2022 06:21:06.098 # oO0OoO0OoO0Oo Redis is starting oO0OoO0OoO0Oo
33:C 12 Oct 2022 06:21:06.098 # Redis version=6.0.6, bits=64, commit=00000000, modified=0, pid=33, just started
33:C 12 Oct 2022 06:21:06.098 # Configuration loaded
                _._                                                  
           _.-``__ ''-._                                             
      _.-``    `.  `_.  ''-._           Redis 6.0.6 (00000000/0) 64 bit
  .-`` .-```.  ```\/    _.,_ ''-._                                   
 (    '      ,       .-`  | `,    )     Running in standalone mode
 |`-._`-...-` __...-.``-._|'` _.-'|     Port: 6379
 |    `-._   `._    /     _.-'    |     PID: 33
  `-._    `-._  `-./  _.-'    _.-'                                   
 |`-._`-._    `-.__.-'    _.-'_.-'|                                  
 |    `-._`-._        _.-'_.-'    |           http://redis.io        
  `-._    `-._`-.__.-'_.-'    _.-'                                   
 |`-._`-._    `-.__.-'    _.-'_.-'|                                  
 |    `-._`-._        _.-'_.-'    |                                  
  `-._    `-._`-.__.-'_.-'    _.-'                                   
      `-._    `-.__.-'    _.-'                                       
          `-._        _.-'                                           
              `-.__.-'                                               

33:M 12 Oct 2022 06:21:06.102 # Server initialized
33:M 12 Oct 2022 06:21:06.102 # WARNING overcommit_memory is set to 0! Background save may fail under low memory condition. To fix this issue add 'vm.overcommit_memory = 1' to /etc/sysctl.conf and then reboot or run the command 'sysctl vm.overcommit_memory=1' for this to take effect.
33:M 12 Oct 2022 06:21:06.102 # WARNING you have Transparent Huge Pages (THP) support enabled in your kernel. This will create latency and memory usage issues with Redis. To fix this issue run the command 'echo never > /sys/kernel/mm/transparent_hugepage/enabled' as root, and add it to your /etc/rc.local in order to retain the setting after a reboot. Redis must be restarted after THP is disabled.
33:M 12 Oct 2022 06:21:06.106 * Loading RDB produced by version 6.0.6
33:M 12 Oct 2022 06:21:06.106 * RDB age 673 seconds
33:M 12 Oct 2022 06:21:06.106 * RDB memory usage when created 3.95 Mb
33:M 12 Oct 2022 06:21:06.161 * DB loaded from disk: 0.058 seconds
33:M 12 Oct 2022 06:21:06.161 * Ready to accept connections
33:M 12 Oct 2022 06:22:06.624 * Replica 127.0.0.1:60018 asks for synchronization
33:M 12 Oct 2022 06:22:06.624 * Partial resynchronization not accepted: Replication ID mismatch (Replica asked for '050daa76e455d513e338d94d9464ae7350e12bb7', my replication IDs are '8849b87b90b25c2c10778349c65adde5d66942d5' and '0000000000000000000000000000000000000000')
33:M 12 Oct 2022 06:22:06.624 * Replication backlog created, my new replication IDs are 'a628a599c1cf17d14c6179747673efd38047ca40' and '0000000000000000000000000000000000000000'
33:M 12 Oct 2022 06:22:06.624 * Starting BGSAVE for SYNC with target: disk
33:M 12 Oct 2022 06:22:06.625 * Background saving started by pid 1577
1577:C 12 Oct 2022 06:22:06.927 * DB saved on disk
1577:C 12 Oct 2022 06:22:06.928 * RDB: 0 MB of memory used by copy-on-write
33:M 12 Oct 2022 06:22:06.960 * Background saving terminated with success
33:M 12 Oct 2022 06:22:06.965 * Synchronization with replica 127.0.0.1:60018 succeeded
