-------------------------------------------
Batch: 0
-------------------------------------------
+--------------------+---------+
|               email|birthYear|
+--------------------+---------+
|johnhoppins@user....|     2022|
|  Dan.Jones@test.com|     1965|
|Ben.Fibonnaci@tes...|     1964|
| John.Mitra@test.com|     1963|
|David.Davis@test.com|     1962|
|Trevor.Habschied@...|     1961|
|Frank.Lincoln@tes...|     1960|
|  Ben.Smith@test.com|     1959|
|Angie.Fibonnaci@t...|     1958|
|Ashley.Lincoln@te...|     1957|
| Eric.Ahmed@test.com|     1956|
|Santosh.Habschied...|     1955|
|Travis.Olson@test...|     1954|
|Ashley.Jefferson@...|     1953|
|Santosh.Mitra@tes...|     1952|
|Angie.Jones@test.com|     1951|
|Craig.Clayton@tes...|     1950|
| Frank.Huey@test.com|     1949|
|Edward.Clayton@te...|     1948|
|Christina.Jeffers...|     1947|
+--------------------+---------+
only showing top 20 rows

