Spark Command: /usr/lib/jvm/java-8-openjdk-amd64/jre/bin/java -cp /opt/spark-2.3.4-bin-hadoop2.7/conf/:/opt/spark-2.3.4-bin-hadoop2.7/jars/* -Xmx1g org.apache.spark.deploy.worker.Worker --webui-port 8081 spark://929503f6ee73:7077
========================================
2022-10-12 06:26:27 INFO  Worker:2612 - Started daemon with process name: 1653@929503f6ee73
2022-10-12 06:26:27 INFO  SignalUtils:54 - Registered signal handler for TERM
2022-10-12 06:26:28 INFO  SignalUtils:54 - Registered signal handler for HUP
2022-10-12 06:26:28 INFO  SignalUtils:54 - Registered signal handler for INT
2022-10-12 06:26:29 WARN  NativeCodeLoader:62 - Unable to load native-hadoop library for your platform... using builtin-java classes where applicable
2022-10-12 06:26:30 INFO  SecurityManager:54 - Changing view acls to: root
2022-10-12 06:26:30 INFO  SecurityManager:54 - Changing modify acls to: root
2022-10-12 06:26:30 INFO  SecurityManager:54 - Changing view acls groups to: 
2022-10-12 06:26:30 INFO  SecurityManager:54 - Changing modify acls groups to: 
2022-10-12 06:26:30 INFO  SecurityManager:54 - SecurityManager: authentication disabled; ui acls disabled; users  with view permissions: Set(root); groups with view permissions: Set(); users  with modify permissions: Set(root); groups with modify permissions: Set()
2022-10-12 06:26:31 INFO  Utils:54 - Successfully started service 'sparkWorker' on port 37711.
2022-10-12 06:26:32 INFO  Worker:54 - Starting Spark worker 172.18.0.2:37711 with 2 cores, 6.3 GB RAM
2022-10-12 06:26:32 INFO  Worker:54 - Running Spark version 2.3.4
2022-10-12 06:26:32 INFO  Worker:54 - Spark home: /opt/spark-2.3.4-bin-hadoop2.7
2022-10-12 06:26:32 INFO  log:192 - Logging initialized @7732ms
2022-10-12 06:26:33 INFO  Server:351 - jetty-9.3.z-SNAPSHOT, build timestamp: unknown, git hash: unknown
2022-10-12 06:26:33 INFO  Server:419 - Started @8045ms
2022-10-12 06:26:33 WARN  Utils:66 - Service 'WorkerUI' could not bind on port 8081. Attempting port 8082.
2022-10-12 06:26:33 WARN  Utils:66 - Service 'WorkerUI' could not bind on port 8082. Attempting port 8083.
2022-10-12 06:26:33 WARN  Utils:66 - Service 'WorkerUI' could not bind on port 8083. Attempting port 8084.
2022-10-12 06:26:33 INFO  AbstractConnector:278 - Started ServerConnector@2506ce71{HTTP/1.1,[http/1.1]}{0.0.0.0:8084}
2022-10-12 06:26:33 INFO  Utils:54 - Successfully started service 'WorkerUI' on port 8084.
2022-10-12 06:26:33 INFO  ContextHandler:781 - Started o.s.j.s.ServletContextHandler@387d5eb0{/logPage,null,AVAILABLE,@Spark}
2022-10-12 06:26:33 INFO  ContextHandler:781 - Started o.s.j.s.ServletContextHandler@2311d5af{/logPage/json,null,AVAILABLE,@Spark}
2022-10-12 06:26:33 INFO  ContextHandler:781 - Started o.s.j.s.ServletContextHandler@1b34fa00{/,null,AVAILABLE,@Spark}
2022-10-12 06:26:33 INFO  ContextHandler:781 - Started o.s.j.s.ServletContextHandler@5ee40282{/json,null,AVAILABLE,@Spark}
2022-10-12 06:26:33 INFO  ContextHandler:781 - Started o.s.j.s.ServletContextHandler@73f5185c{/static,null,AVAILABLE,@Spark}
2022-10-12 06:26:33 INFO  ContextHandler:781 - Started o.s.j.s.ServletContextHandler@64d25b37{/log,null,AVAILABLE,@Spark}
2022-10-12 06:26:33 INFO  WorkerWebUI:54 - Bound WorkerWebUI to 0.0.0.0, and started at http://929503f6ee73:8084
2022-10-12 06:26:33 INFO  Worker:54 - Connecting to master 929503f6ee73:7077...
2022-10-12 06:26:33 INFO  ContextHandler:781 - Started o.s.j.s.ServletContextHandler@2455de4d{/metrics/json,null,AVAILABLE,@Spark}
2022-10-12 06:26:34 INFO  TransportClientFactory:267 - Successfully created connection to 929503f6ee73/172.18.0.2:7077 after 218 ms (0 ms spent in bootstraps)
2022-10-12 06:26:34 INFO  Worker:54 - Successfully registered with master spark://929503f6ee73:7077
